==13475== Memcheck, a memory error detector
==13475== Copyright (C) 2002-2022, and GNU GPL'd, by Julian Seward et al.
==13475== Using Valgrind-3.22.0 and LibVEX; rerun with -h for copyright info
==13475== Command: ./minishell
==13475== Parent PID: 13472
==13475== 
==13475== 
==13475== FILE DESCRIPTORS: 4 open (3 std) at exit.
==13475== Open file descriptor 3: /mnt/c/Users/phili/Documents/42_Lausanne/github/Minishell42/valgrind.log
==13475==    <inherited from parent>
==13475== 
==13475== Open file descriptor 2: /dev/pts/9
==13475==    <inherited from parent>
==13475== 
==13475== Open file descriptor 1: /dev/pts/9
==13475==    at 0x49CB96B: dup2 (dup2.c:29)
==13475==    by 0x10A6CA: clear_std (identification.c:17)
==13475==    by 0x10A808: identification (identification.c:43)
==13475==    by 0x1098FA: ft_exec (exec.c:181)
==13475==    by 0x110008: process_input (main.c:137)
==13475==    by 0x1101EC: shell_loop (main.c:202)
==13475==    by 0x1103D0: main (main.c:265)
==13475== 
==13475== Open file descriptor 0: /dev/pts/9
==13475==    at 0x49CB96B: dup2 (dup2.c:29)
==13475==    by 0x10A6D9: clear_std (identification.c:18)
==13475==    by 0x10A808: identification (identification.c:43)
==13475==    by 0x1098FA: ft_exec (exec.c:181)
==13475==    by 0x110008: process_input (main.c:137)
==13475==    by 0x1101EC: shell_loop (main.c:202)
==13475==    by 0x1103D0: main (main.c:265)
==13475== 
==13475== 
==13475== HEAP SUMMARY:
==13475==     in use at exit: 200,030 bytes in 225 blocks
==13475==   total heap usage: 549 allocs, 324 frees, 248,202 bytes allocated
==13475== 
==13475== 2 bytes in 1 blocks are definitely lost in loss record 2 of 57
==13475==    at 0x4846828: malloc (in /usr/libexec/valgrind/vgpreload_memcheck-amd64-linux.so)
==13475==    by 0x110864: ft_strdup (in /mnt/c/Users/phili/Documents/42_Lausanne/github/Minishell42/minishell)
==13475==    by 0x10BC1E: find_value_in_env (get.c:39)
==13475==    by 0x10FC23: ft_shlvl (main.c:24)
==13475==    by 0x10FCE5: ft_env (main.c:37)
==13475==    by 0x10FDA7: init_shell (main.c:60)
==13475==    by 0x1103AE: main (main.c:262)
==13475== 
==13475== 120 bytes in 2 blocks are definitely lost in loss record 18 of 57
==13475==    at 0x484DB80: realloc (in /usr/libexec/valgrind/vgpreload_memcheck-amd64-linux.so)
==13475==    by 0x49CFA97: getcwd (getcwd.c:86)
==13475==    by 0x10973E: init_exec (exec.c:151)
==13475==    by 0x109879: ft_exec (exec.c:170)
==13475==    by 0x110008: process_input (main.c:137)
==13475==    by 0x1101EC: shell_loop (main.c:202)
==13475==    by 0x1103D0: main (main.c:265)
==13475== 
==13475== 120 bytes in 2 blocks are definitely lost in loss record 19 of 57
==13475==    at 0x4846828: malloc (in /usr/libexec/valgrind/vgpreload_memcheck-amd64-linux.so)
==13475==    by 0x110864: ft_strdup (in /mnt/c/Users/phili/Documents/42_Lausanne/github/Minishell42/minishell)
==13475==    by 0x109750: init_exec (exec.c:151)
==13475==    by 0x109879: ft_exec (exec.c:170)
==13475==    by 0x110008: process_input (main.c:137)
==13475==    by 0x1101EC: shell_loop (main.c:202)
==13475==    by 0x1103D0: main (main.c:265)
==13475== 
==13475== 120 bytes in 2 blocks are definitely lost in loss record 20 of 57
==13475==    at 0x484DB80: realloc (in /usr/libexec/valgrind/vgpreload_memcheck-amd64-linux.so)
==13475==    by 0x49CFA97: getcwd (getcwd.c:86)
==13475==    by 0x109763: init_exec (exec.c:152)
==13475==    by 0x109879: ft_exec (exec.c:170)
==13475==    by 0x110008: process_input (main.c:137)
==13475==    by 0x1101EC: shell_loop (main.c:202)
==13475==    by 0x1103D0: main (main.c:265)
==13475== 
==13475== 120 bytes in 2 blocks are definitely lost in loss record 21 of 57
==13475==    at 0x4846828: malloc (in /usr/libexec/valgrind/vgpreload_memcheck-amd64-linux.so)
==13475==    by 0x110864: ft_strdup (in /mnt/c/Users/phili/Documents/42_Lausanne/github/Minishell42/minishell)
==13475==    by 0x109775: init_exec (exec.c:152)
==13475==    by 0x109879: ft_exec (exec.c:170)
==13475==    by 0x110008: process_input (main.c:137)
==13475==    by 0x1101EC: shell_loop (main.c:202)
==13475==    by 0x1103D0: main (main.c:265)
==13475== 
==13475== 839 bytes in 1 blocks are definitely lost in loss record 25 of 57
==13475==    at 0x4846828: malloc (in /usr/libexec/valgrind/vgpreload_memcheck-amd64-linux.so)
==13475==    by 0x110864: ft_strdup (in /mnt/c/Users/phili/Documents/42_Lausanne/github/Minishell42/minishell)
==13475==    by 0x109832: var_path (exec.c:162)
==13475==    by 0x109885: ft_exec (exec.c:171)
==13475==    by 0x110008: process_input (main.c:137)
==13475==    by 0x1101EC: shell_loop (main.c:202)
==13475==    by 0x1103D0: main (main.c:265)
==13475== 
==13475== LEAK SUMMARY:
==13475==    definitely lost: 1,321 bytes in 10 blocks
==13475==    indirectly lost: 0 bytes in 0 blocks
==13475==      possibly lost: 0 bytes in 0 blocks
==13475==    still reachable: 0 bytes in 0 blocks
==13475==         suppressed: 198,709 bytes in 215 blocks
==13475== 
==13475== For lists of detected and suppressed errors, rerun with: -s
==13475== ERROR SUMMARY: 6 errors from 6 contexts (suppressed: 0 from 0)
